{"numFailedTestSuites":0,"numFailedTests":0,"numPassedTestSuites":29,"numPassedTests":444,"numPendingTestSuites":0,"numPendingTests":0,"numRuntimeErrorTestSuites":0,"numTodoTests":0,"numTotalTestSuites":29,"numTotalTests":444,"openHandles":[],"snapshot":{"added":0,"didUpdate":false,"failure":false,"filesAdded":0,"filesRemoved":0,"filesRemovedList":[],"filesUnmatched":0,"filesUpdated":0,"matched":0,"total":0,"unchecked":0,"uncheckedKeysByFile":[],"unmatched":0,"updated":0},"startTime":1753157172626,"success":true,"testResults":[{"assertionResults":[{"ancestorTitles":["BuildingCard"],"duration":38,"failureDetails":[],"failureMessages":[],"fullName":"BuildingCard renders building information correctly","invocations":1,"location":null,"numPassingAsserts":4,"retryReasons":[],"status":"passed","title":"renders building information correctly"},{"ancestorTitles":["BuildingCard"],"duration":7,"failureDetails":[],"failureMessages":[],"fullName":"BuildingCard renders building without building number","invocations":1,"location":null,"numPassingAsserts":2,"retryReasons":[],"status":"passed","title":"renders building without building number"},{"ancestorTitles":["BuildingCard"],"duration":10,"failureDetails":[],"failureMessages":[],"fullName":"BuildingCard handles singular unit correctly","invocations":1,"location":null,"numPassingAsserts":1,"retryReasons":[],"status":"passed","title":"handles singular unit correctly"},{"ancestorTitles":["BuildingCard"],"duration":59,"failureDetails":[],"failureMessages":[],"fullName":"BuildingCard calls onBuildingClick when card is clicked","invocations":1,"location":null,"numPassingAsserts":1,"retryReasons":[],"status":"passed","title":"calls onBuildingClick when card is clicked"},{"ancestorTitles":["BuildingCard"],"duration":62,"failureDetails":[],"failureMessages":[],"fullName":"BuildingCard calls onEditClick when edit button is clicked","invocations":1,"location":null,"numPassingAsserts":1,"retryReasons":[],"status":"passed","title":"calls onEditClick when edit button is clicked"},{"ancestorTitles":["BuildingCard"],"duration":17,"failureDetails":[],"failureMessages":[],"fullName":"BuildingCard calls onDeleteClick when delete button is clicked","invocations":1,"location":null,"numPassingAsserts":1,"retryReasons":[],"status":"passed","title":"calls onDeleteClick when delete button is clicked"},{"ancestorTitles":["BuildingCard"],"duration":20,"failureDetails":[],"failureMessages":[],"fullName":"BuildingCard prevents event bubbling on edit button click","invocations":1,"location":null,"numPassingAsserts":2,"retryReasons":[],"status":"passed","title":"prevents event bubbling on edit button click"},{"ancestorTitles":["BuildingCard"],"duration":16,"failureDetails":[],"failureMessages":[],"fullName":"BuildingCard prevents event bubbling on delete button click","invocations":1,"location":null,"numPassingAsserts":2,"retryReasons":[],"status":"passed","title":"prevents event bubbling on delete button click"},{"ancestorTitles":["BuildingCard"],"duration":5,"failureDetails":[],"failureMessages":[],"fullName":"BuildingCard shows loading state correctly","invocations":1,"location":null,"numPassingAsserts":3,"retryReasons":[],"status":"passed","title":"shows loading state correctly"},{"ancestorTitles":["BuildingCard"],"duration":5,"failureDetails":[],"failureMessages":[],"fullName":"BuildingCard shows regular state when not loading","invocations":1,"location":null,"numPassingAsserts":2,"retryReasons":[],"status":"passed","title":"shows regular state when not loading"},{"ancestorTitles":["BuildingCard"],"duration":3,"failureDetails":[],"failureMessages":[],"fullName":"BuildingCard applies loading ring style when loading","invocations":1,"location":null,"numPassingAsserts":2,"retryReasons":[],"status":"passed","title":"applies loading ring style when loading"},{"ancestorTitles":["BuildingCard"],"duration":10,"failureDetails":[],"failureMessages":[],"fullName":"BuildingCard uses formatAddress function correctly","invocations":1,"location":null,"numPassingAsserts":2,"retryReasons":[],"status":"passed","title":"uses formatAddress function correctly"},{"ancestorTitles":["BuildingCard"],"duration":3,"failureDetails":[],"failureMessages":[],"fullName":"BuildingCard renders building image placeholder with correct unit count","invocations":1,"location":null,"numPassingAsserts":2,"retryReasons":[],"status":"passed","title":"renders building image placeholder with correct unit count"},{"ancestorTitles":["BuildingCard"],"duration":5,"failureDetails":[],"failureMessages":[],"fullName":"BuildingCard renders action buttons with correct styling","invocations":1,"location":null,"numPassingAsserts":4,"retryReasons":[],"status":"passed","title":"renders action buttons with correct styling"},{"ancestorTitles":["BuildingCard"],"duration":3,"failureDetails":[],"failureMessages":[],"fullName":"BuildingCard renders building details section correctly","invocations":1,"location":null,"numPassingAsserts":3,"retryReasons":[],"status":"passed","title":"renders building details section correctly"},{"ancestorTitles":["BuildingCard"],"duration":3,"failureDetails":[],"failureMessages":[],"fullName":"BuildingCard handles address with address_line_2","invocations":1,"location":null,"numPassingAsserts":2,"retryReasons":[],"status":"passed","title":"handles address with address_line_2"}],"endTime":1753157174115,"message":"","name":"/Users/durgaprasadcreddy/Desktop/Livaro/src/app/(main-layout)/sell/dashboard/building-card.test.tsx","startTime":1753157173303,"status":"passed","summary":""},{"assertionResults":[{"ancestorTitles":["BuildingCard"],"duration":75,"failureDetails":[],"failureMessages":[],"fullName":"BuildingCard renders building information correctly","invocations":1,"location":null,"numPassingAsserts":4,"retryReasons":[],"status":"passed","title":"renders building information correctly"},{"ancestorTitles":["BuildingCard"],"duration":8,"failureDetails":[],"failureMessages":[],"fullName":"BuildingCard renders building without building number","invocations":1,"location":null,"numPassingAsserts":2,"retryReasons":[],"status":"passed","title":"renders building without building number"},{"ancestorTitles":["BuildingCard"],"duration":13,"failureDetails":[],"failureMessages":[],"fullName":"BuildingCard handles singular unit correctly","invocations":1,"location":null,"numPassingAsserts":1,"retryReasons":[],"status":"passed","title":"handles singular unit correctly"},{"ancestorTitles":["BuildingCard"],"duration":48,"failureDetails":[],"failureMessages":[],"fullName":"BuildingCard calls onBuildingClick when card is clicked","invocations":1,"location":null,"numPassingAsserts":1,"retryReasons":[],"status":"passed","title":"calls onBuildingClick when card is clicked"},{"ancestorTitles":["BuildingCard"],"duration":25,"failureDetails":[],"failureMessages":[],"fullName":"BuildingCard calls onEditClick when edit button is clicked","invocations":1,"location":null,"numPassingAsserts":1,"retryReasons":[],"status":"passed","title":"calls onEditClick when edit button is clicked"},{"ancestorTitles":["BuildingCard"],"duration":25,"failureDetails":[],"failureMessages":[],"fullName":"BuildingCard calls onDeleteClick when delete button is clicked","invocations":1,"location":null,"numPassingAsserts":1,"retryReasons":[],"status":"passed","title":"calls onDeleteClick when delete button is clicked"},{"ancestorTitles":["BuildingCard"],"duration":19,"failureDetails":[],"failureMessages":[],"fullName":"BuildingCard prevents event bubbling on edit button click","invocations":1,"location":null,"numPassingAsserts":1,"retryReasons":[],"status":"passed","title":"prevents event bubbling on edit button click"},{"ancestorTitles":["BuildingCard"],"duration":17,"failureDetails":[],"failureMessages":[],"fullName":"BuildingCard prevents event bubbling on delete button click","invocations":1,"location":null,"numPassingAsserts":1,"retryReasons":[],"status":"passed","title":"prevents event bubbling on delete button click"},{"ancestorTitles":["BuildingCard"],"duration":10,"failureDetails":[],"failureMessages":[],"fullName":"BuildingCard shows loading state correctly","invocations":1,"location":null,"numPassingAsserts":2,"retryReasons":[],"status":"passed","title":"shows loading state correctly"},{"ancestorTitles":["BuildingCard"],"duration":7,"failureDetails":[],"failureMessages":[],"fullName":"BuildingCard shows regular state when not loading","invocations":1,"location":null,"numPassingAsserts":2,"retryReasons":[],"status":"passed","title":"shows regular state when not loading"},{"ancestorTitles":["BuildingCard"],"duration":8,"failureDetails":[],"failureMessages":[],"fullName":"BuildingCard applies loading ring style when loading","invocations":1,"location":null,"numPassingAsserts":1,"retryReasons":[],"status":"passed","title":"applies loading ring style when loading"},{"ancestorTitles":["BuildingCard"],"duration":4,"failureDetails":[],"failureMessages":[],"fullName":"BuildingCard uses formatAddress function correctly","invocations":1,"location":null,"numPassingAsserts":2,"retryReasons":[],"status":"passed","title":"uses formatAddress function correctly"},{"ancestorTitles":["BuildingCard"],"duration":3,"failureDetails":[],"failureMessages":[],"fullName":"BuildingCard renders building image placeholder with correct unit count","invocations":1,"location":null,"numPassingAsserts":2,"retryReasons":[],"status":"passed","title":"renders building image placeholder with correct unit count"},{"ancestorTitles":["BuildingCard"],"duration":2,"failureDetails":[],"failureMessages":[],"fullName":"BuildingCard has proper hover effects","invocations":1,"location":null,"numPassingAsserts":1,"retryReasons":[],"status":"passed","title":"has proper hover effects"},{"ancestorTitles":["BuildingCard"],"duration":4,"failureDetails":[],"failureMessages":[],"fullName":"BuildingCard renders action buttons with correct styling","invocations":1,"location":null,"numPassingAsserts":2,"retryReasons":[],"status":"passed","title":"renders action buttons with correct styling"},{"ancestorTitles":["BuildingCard"],"duration":2,"failureDetails":[],"failureMessages":[],"fullName":"BuildingCard renders building details section correctly","invocations":1,"location":null,"numPassingAsserts":3,"retryReasons":[],"status":"passed","title":"renders building details section correctly"},{"ancestorTitles":["BuildingCard"],"duration":3,"failureDetails":[],"failureMessages":[],"fullName":"BuildingCard handles address with address_line_2","invocations":1,"location":null,"numPassingAsserts":1,"retryReasons":[],"status":"passed","title":"handles address with address_line_2"},{"ancestorTitles":["BuildingCard"],"duration":4,"failureDetails":[],"failureMessages":[],"fullName":"BuildingCard renders card content structure correctly","invocations":1,"location":null,"numPassingAsserts":3,"retryReasons":[],"status":"passed","title":"renders card content structure correctly"}],"endTime":1753157174233,"message":"","name":"/Users/durgaprasadcreddy/Desktop/Livaro/Livaro/src/app/(main-layout)/sell/dashboard/building-card.test.tsx","startTime":1753157173288,"status":"passed","summary":""},{"assertionResults":[{"ancestorTitles":["ApartmentBuildingSelector"],"duration":27,"failureDetails":[],"failureMessages":[],"fullName":"ApartmentBuildingSelector renders loading state initially","invocations":1,"location":null,"numPassingAsserts":1,"retryReasons":[],"status":"passed","title":"renders loading state initially"},{"ancestorTitles":["ApartmentBuildingSelector"],"duration":8,"failureDetails":[],"failureMessages":[],"fullName":"ApartmentBuildingSelector renders empty state when no landlordId provided","invocations":1,"location":null,"numPassingAsserts":1,"retryReasons":[],"status":"passed","title":"renders empty state when no landlordId provided"},{"ancestorTitles":["ApartmentBuildingSelector"],"duration":17,"failureDetails":[],"failureMessages":[],"fullName":"ApartmentBuildingSelector fetches and displays buildings","invocations":1,"location":null,"numPassingAsserts":1,"retryReasons":[],"status":"passed","title":"fetches and displays buildings"},{"ancestorTitles":["ApartmentBuildingSelector"],"duration":125,"failureDetails":[],"failureMessages":[],"fullName":"ApartmentBuildingSelector opens dropdown when clicked","invocations":1,"location":null,"numPassingAsserts":4,"retryReasons":[],"status":"passed","title":"opens dropdown when clicked"},{"ancestorTitles":["ApartmentBuildingSelector"],"duration":45,"failureDetails":[],"failureMessages":[],"fullName":"ApartmentBuildingSelector selects a building","invocations":1,"location":null,"numPassingAsserts":2,"retryReasons":[],"status":"passed","title":"selects a building"},{"ancestorTitles":["ApartmentBuildingSelector"],"duration":43,"failureDetails":[],"failureMessages":[],"fullName":"ApartmentBuildingSelector selects \"no building\" option","invocations":1,"location":null,"numPassingAsserts":2,"retryReasons":[],"status":"passed","title":"selects \"no building\" option"},{"ancestorTitles":["ApartmentBuildingSelector"],"duration":7,"failureDetails":[],"failureMessages":[],"fullName":"ApartmentBuildingSelector displays selected building","invocations":1,"location":null,"numPassingAsserts":1,"retryReasons":[],"status":"passed","title":"displays selected building"},{"ancestorTitles":["ApartmentBuildingSelector"],"duration":27,"failureDetails":[],"failureMessages":[],"fullName":"ApartmentBuildingSelector handles disabled state","invocations":1,"location":null,"numPassingAsserts":2,"retryReasons":[],"status":"passed","title":"handles disabled state"},{"ancestorTitles":["ApartmentBuildingSelector"],"duration":48,"failureDetails":[],"failureMessages":[],"fullName":"ApartmentBuildingSelector closes dropdown when clicking outside","invocations":1,"location":null,"numPassingAsserts":4,"retryReasons":[],"status":"passed","title":"closes dropdown when clicking outside"},{"ancestorTitles":["ApartmentBuildingSelector"],"duration":40,"failureDetails":[],"failureMessages":[],"fullName":"ApartmentBuildingSelector opens create building page when no buildings exist","invocations":1,"location":null,"numPassingAsserts":2,"retryReasons":[],"status":"passed","title":"opens create building page when no buildings exist"},{"ancestorTitles":["ApartmentBuildingSelector"],"duration":36,"failureDetails":[],"failureMessages":[],"fullName":"ApartmentBuildingSelector opens create building page from dropdown","invocations":1,"location":null,"numPassingAsserts":2,"retryReasons":[],"status":"passed","title":"opens create building page from dropdown"},{"ancestorTitles":["ApartmentBuildingSelector"],"duration":9,"failureDetails":[],"failureMessages":[],"fullName":"ApartmentBuildingSelector handles API error gracefully","invocations":1,"location":null,"numPassingAsserts":2,"retryReasons":[],"status":"passed","title":"handles API error gracefully"},{"ancestorTitles":["ApartmentBuildingSelector"],"duration":30,"failureDetails":[],"failureMessages":[],"fullName":"ApartmentBuildingSelector rotates chevron icon when dropdown is open","invocations":1,"location":null,"numPassingAsserts":3,"retryReasons":[],"status":"passed","title":"rotates chevron icon when dropdown is open"}],"endTime":1753157174304,"message":"","name":"/Users/durgaprasadcreddy/Desktop/Livaro/src/app/(main-layout)/sell/create/ApartmentBuildingSelector.test.tsx","startTime":1753157173290,"status":"passed","summary":""},{"assertionResults":[{"ancestorTitles":["AlertDialog Components"],"duration":61,"failureDetails":[],"failureMessages":[],"fullName":"AlertDialog Components renders trigger button","invocations":1,"location":null,"numPassingAsserts":1,"retryReasons":[],"status":"passed","title":"renders trigger button"},{"ancestorTitles":["AlertDialog Components"],"duration":131,"failureDetails":[],"failureMessages":[],"fullName":"AlertDialog Components opens dialog when trigger is clicked","invocations":1,"location":null,"numPassingAsserts":1,"retryReasons":[],"status":"passed","title":"opens dialog when trigger is clicked"},{"ancestorTitles":["AlertDialog Components"],"duration":54,"failureDetails":[],"failureMessages":[],"fullName":"AlertDialog Components renders dialog content when opened","invocations":1,"location":null,"numPassingAsserts":4,"retryReasons":[],"status":"passed","title":"renders dialog content when opened"},{"ancestorTitles":["AlertDialog Components"],"duration":54,"failureDetails":[],"failureMessages":[],"fullName":"AlertDialog Components calls onAction when action button is clicked","invocations":1,"location":null,"numPassingAsserts":2,"retryReasons":[],"status":"passed","title":"calls onAction when action button is clicked"},{"ancestorTitles":["AlertDialog Components"],"duration":51,"failureDetails":[],"failureMessages":[],"fullName":"AlertDialog Components calls onCancel when cancel button is clicked","invocations":1,"location":null,"numPassingAsserts":2,"retryReasons":[],"status":"passed","title":"calls onCancel when cancel button is clicked"},{"ancestorTitles":["AlertDialog Components"],"duration":36,"failureDetails":[],"failureMessages":[],"fullName":"AlertDialog Components closes dialog when Escape key is pressed","invocations":1,"location":null,"numPassingAsserts":2,"retryReasons":[],"status":"passed","title":"closes dialog when Escape key is pressed"},{"ancestorTitles":["AlertDialog Components","Individual Components"],"duration":27,"failureDetails":[],"failureMessages":[],"fullName":"AlertDialog Components Individual Components AlertDialogTitle applies correct styles","invocations":1,"location":null,"numPassingAsserts":1,"retryReasons":[],"status":"passed","title":"AlertDialogTitle applies correct styles"},{"ancestorTitles":["AlertDialog Components","Individual Components"],"duration":27,"failureDetails":[],"failureMessages":[],"fullName":"AlertDialog Components Individual Components AlertDialogDescription applies correct styles","invocations":1,"location":null,"numPassingAsserts":1,"retryReasons":[],"status":"passed","title":"AlertDialogDescription applies correct styles"},{"ancestorTitles":["AlertDialog Components","Individual Components"],"duration":32,"failureDetails":[],"failureMessages":[],"fullName":"AlertDialog Components Individual Components AlertDialogAction applies button styles","invocations":1,"location":null,"numPassingAsserts":1,"retryReasons":[],"status":"passed","title":"AlertDialogAction applies button styles"},{"ancestorTitles":["AlertDialog Components","Individual Components"],"duration":41,"failureDetails":[],"failureMessages":[],"fullName":"AlertDialog Components Individual Components AlertDialogCancel applies outline button styles","invocations":1,"location":null,"numPassingAsserts":1,"retryReasons":[],"status":"passed","title":"AlertDialogCancel applies outline button styles"},{"ancestorTitles":["AlertDialog Components","Custom styling"],"duration":22,"failureDetails":[],"failureMessages":[],"fullName":"AlertDialog Components Custom styling applies custom className to AlertDialogContent","invocations":1,"location":null,"numPassingAsserts":1,"retryReasons":[],"status":"passed","title":"applies custom className to AlertDialogContent"},{"ancestorTitles":["AlertDialog Components","Accessibility"],"duration":23,"failureDetails":[],"failureMessages":[],"fullName":"AlertDialog Components Accessibility has proper ARIA attributes","invocations":1,"location":null,"numPassingAsserts":3,"retryReasons":[],"status":"passed","title":"has proper ARIA attributes"}],"endTime":1753157174411,"message":"","name":"/Users/durgaprasadcreddy/Desktop/Livaro/src/components/ui/alert-dialog.test.tsx","startTime":1753157173289,"status":"passed","summary":""},{"assertionResults":[{"ancestorTitles":["ApartmentBuildingSelector"],"duration":62,"failureDetails":[],"failureMessages":[],"fullName":"ApartmentBuildingSelector renders loading state initially","invocations":1,"location":null,"numPassingAsserts":1,"retryReasons":[],"status":"passed","title":"renders loading state initially"},{"ancestorTitles":["ApartmentBuildingSelector"],"duration":9,"failureDetails":[],"failureMessages":[],"fullName":"ApartmentBuildingSelector renders empty state when no landlordId provided","invocations":1,"location":null,"numPassingAsserts":1,"retryReasons":[],"status":"passed","title":"renders empty state when no landlordId provided"},{"ancestorTitles":["ApartmentBuildingSelector"],"duration":13,"failureDetails":[],"failureMessages":[],"fullName":"ApartmentBuildingSelector fetches and displays buildings","invocations":1,"location":null,"numPassingAsserts":1,"retryReasons":[],"status":"passed","title":"fetches and displays buildings"},{"ancestorTitles":["ApartmentBuildingSelector"],"duration":70,"failureDetails":[],"failureMessages":[],"fullName":"ApartmentBuildingSelector opens dropdown when clicked","invocations":1,"location":null,"numPassingAsserts":4,"retryReasons":[],"status":"passed","title":"opens dropdown when clicked"},{"ancestorTitles":["ApartmentBuildingSelector"],"duration":45,"failureDetails":[],"failureMessages":[],"fullName":"ApartmentBuildingSelector selects a building","invocations":1,"location":null,"numPassingAsserts":2,"retryReasons":[],"status":"passed","title":"selects a building"},{"ancestorTitles":["ApartmentBuildingSelector"],"duration":45,"failureDetails":[],"failureMessages":[],"fullName":"ApartmentBuildingSelector selects \"no building\" option","invocations":1,"location":null,"numPassingAsserts":2,"retryReasons":[],"status":"passed","title":"selects \"no building\" option"},{"ancestorTitles":["ApartmentBuildingSelector"],"duration":9,"failureDetails":[],"failureMessages":[],"fullName":"ApartmentBuildingSelector displays selected building","invocations":1,"location":null,"numPassingAsserts":1,"retryReasons":[],"status":"passed","title":"displays selected building"},{"ancestorTitles":["ApartmentBuildingSelector"],"duration":41,"failureDetails":[],"failureMessages":[],"fullName":"ApartmentBuildingSelector handles disabled state","invocations":1,"location":null,"numPassingAsserts":2,"retryReasons":[],"status":"passed","title":"handles disabled state"},{"ancestorTitles":["ApartmentBuildingSelector"],"duration":49,"failureDetails":[],"failureMessages":[],"fullName":"ApartmentBuildingSelector closes dropdown when clicking outside","invocations":1,"location":null,"numPassingAsserts":4,"retryReasons":[],"status":"passed","title":"closes dropdown when clicking outside"},{"ancestorTitles":["ApartmentBuildingSelector"],"duration":42,"failureDetails":[],"failureMessages":[],"fullName":"ApartmentBuildingSelector opens create building page when no buildings exist","invocations":1,"location":null,"numPassingAsserts":2,"retryReasons":[],"status":"passed","title":"opens create building page when no buildings exist"},{"ancestorTitles":["ApartmentBuildingSelector"],"duration":43,"failureDetails":[],"failureMessages":[],"fullName":"ApartmentBuildingSelector opens create building page from dropdown","invocations":1,"location":null,"numPassingAsserts":2,"retryReasons":[],"status":"passed","title":"opens create building page from dropdown"},{"ancestorTitles":["ApartmentBuildingSelector"],"duration":10,"failureDetails":[],"failureMessages":[],"fullName":"ApartmentBuildingSelector handles API error gracefully","invocations":1,"location":null,"numPassingAsserts":2,"retryReasons":[],"status":"passed","title":"handles API error gracefully"},{"ancestorTitles":["ApartmentBuildingSelector"],"duration":24,"failureDetails":[],"failureMessages":[],"fullName":"ApartmentBuildingSelector rotates chevron icon when dropdown is open","invocations":1,"location":null,"numPassingAsserts":3,"retryReasons":[],"status":"passed","title":"rotates chevron icon when dropdown is open"}],"endTime":1753157174415,"message":"","name":"/Users/durgaprasadcreddy/Desktop/Livaro/Livaro/src/app/(main-layout)/sell/create/ApartmentBuildingSelector.test.tsx","startTime":1753157173290,"status":"passed","summary":""},{"assertionResults":[{"ancestorTitles":["AlertDialog Components"],"duration":80,"failureDetails":[],"failureMessages":[],"fullName":"AlertDialog Components renders trigger button","invocations":1,"location":null,"numPassingAsserts":1,"retryReasons":[],"status":"passed","title":"renders trigger button"},{"ancestorTitles":["AlertDialog Components"],"duration":61,"failureDetails":[],"failureMessages":[],"fullName":"AlertDialog Components opens dialog when trigger is clicked","invocations":1,"location":null,"numPassingAsserts":1,"retryReasons":[],"status":"passed","title":"opens dialog when trigger is clicked"},{"ancestorTitles":["AlertDialog Components"],"duration":47,"failureDetails":[],"failureMessages":[],"fullName":"AlertDialog Components renders dialog content when opened","invocations":1,"location":null,"numPassingAsserts":4,"retryReasons":[],"status":"passed","title":"renders dialog content when opened"},{"ancestorTitles":["AlertDialog Components"],"duration":50,"failureDetails":[],"failureMessages":[],"fullName":"AlertDialog Components calls onAction when action button is clicked","invocations":1,"location":null,"numPassingAsserts":2,"retryReasons":[],"status":"passed","title":"calls onAction when action button is clicked"},{"ancestorTitles":["AlertDialog Components"],"duration":53,"failureDetails":[],"failureMessages":[],"fullName":"AlertDialog Components calls onCancel when cancel button is clicked","invocations":1,"location":null,"numPassingAsserts":2,"retryReasons":[],"status":"passed","title":"calls onCancel when cancel button is clicked"},{"ancestorTitles":["AlertDialog Components"],"duration":50,"failureDetails":[],"failureMessages":[],"fullName":"AlertDialog Components closes dialog when Escape key is pressed","invocations":1,"location":null,"numPassingAsserts":2,"retryReasons":[],"status":"passed","title":"closes dialog when Escape key is pressed"},{"ancestorTitles":["AlertDialog Components","Individual Components"],"duration":26,"failureDetails":[],"failureMessages":[],"fullName":"AlertDialog Components Individual Components AlertDialogTitle applies correct styles","invocations":1,"location":null,"numPassingAsserts":1,"retryReasons":[],"status":"passed","title":"AlertDialogTitle applies correct styles"},{"ancestorTitles":["AlertDialog Components","Individual Components"],"duration":35,"failureDetails":[],"failureMessages":[],"fullName":"AlertDialog Components Individual Components AlertDialogDescription applies correct styles","invocations":1,"location":null,"numPassingAsserts":1,"retryReasons":[],"status":"passed","title":"AlertDialogDescription applies correct styles"},{"ancestorTitles":["AlertDialog Components","Individual Components"],"duration":31,"failureDetails":[],"failureMessages":[],"fullName":"AlertDialog Components Individual Components AlertDialogAction applies button styles","invocations":1,"location":null,"numPassingAsserts":1,"retryReasons":[],"status":"passed","title":"AlertDialogAction applies button styles"},{"ancestorTitles":["AlertDialog Components","Individual Components"],"duration":27,"failureDetails":[],"failureMessages":[],"fullName":"AlertDialog Components Individual Components AlertDialogCancel applies outline button styles","invocations":1,"location":null,"numPassingAsserts":1,"retryReasons":[],"status":"passed","title":"AlertDialogCancel applies outline button styles"},{"ancestorTitles":["AlertDialog Components","Custom styling"],"duration":33,"failureDetails":[],"failureMessages":[],"fullName":"AlertDialog Components Custom styling applies custom className to AlertDialogContent","invocations":1,"location":null,"numPassingAsserts":1,"retryReasons":[],"status":"passed","title":"applies custom className to AlertDialogContent"},{"ancestorTitles":["AlertDialog Components","Accessibility"],"duration":38,"failureDetails":[],"failureMessages":[],"fullName":"AlertDialog Components Accessibility has proper ARIA attributes","invocations":1,"location":null,"numPassingAsserts":3,"retryReasons":[],"status":"passed","title":"has proper ARIA attributes"}],"endTime":1753157174495,"message":"","name":"/Users/durgaprasadcreddy/Desktop/Livaro/Livaro/src/components/ui/alert-dialog.test.tsx","startTime":1753157173291,"status":"passed","summary":""},{"assertionResults":[{"ancestorTitles":["TwoFactorAction"],"duration":16,"failureDetails":[],"failureMessages":[],"fullName":"TwoFactorAction renders skeleton when mfaEnabled is null","invocations":1,"location":null,"numPassingAsserts":1,"retryReasons":[],"status":"passed","title":"renders skeleton when mfaEnabled is null"},{"ancestorTitles":["TwoFactorAction"],"duration":28,"failureDetails":[],"failureMessages":[],"fullName":"TwoFactorAction renders EnableTwoFactorAction when mfaEnabled is false","invocations":1,"location":null,"numPassingAsserts":1,"retryReasons":[],"status":"passed","title":"renders EnableTwoFactorAction when mfaEnabled is false"},{"ancestorTitles":["TwoFactorAction"],"duration":13,"failureDetails":[],"failureMessages":[],"fullName":"TwoFactorAction renders DisableTwoFactorAction when mfaEnabled is true","invocations":1,"location":null,"numPassingAsserts":1,"retryReasons":[],"status":"passed","title":"renders DisableTwoFactorAction when mfaEnabled is true"},{"ancestorTitles":["TwoFactorAction","EnableTwoFactorAction"],"duration":117,"failureDetails":[],"failureMessages":[],"fullName":"TwoFactorAction EnableTwoFactorAction opens dialog when Enable button is clicked","invocations":1,"location":null,"numPassingAsserts":2,"retryReasons":[],"status":"passed","title":"opens dialog when Enable button is clicked"},{"ancestorTitles":["TwoFactorAction","EnableTwoFactorAction"],"duration":58,"failureDetails":[],"failureMessages":[],"fullName":"TwoFactorAction EnableTwoFactorAction shows error message when enrollment fails","invocations":1,"location":null,"numPassingAsserts":1,"retryReasons":[],"status":"passed","title":"shows error message when enrollment fails"},{"ancestorTitles":["TwoFactorAction","EnableTwoFactorAction"],"duration":126,"failureDetails":[],"failureMessages":[],"fullName":"TwoFactorAction EnableTwoFactorAction handles verification success","invocations":1,"location":null,"numPassingAsserts":3,"retryReasons":[],"status":"passed","title":"handles verification success"},{"ancestorTitles":["TwoFactorAction","EnableTwoFactorAction"],"duration":100,"failureDetails":[],"failureMessages":[],"fullName":"TwoFactorAction EnableTwoFactorAction shows error message when verification fails","invocations":1,"location":null,"numPassingAsserts":2,"retryReasons":[],"status":"passed","title":"shows error message when verification fails"},{"ancestorTitles":["TwoFactorAction","DisableTwoFactorAction"],"duration":20,"failureDetails":[],"failureMessages":[],"fullName":"TwoFactorAction DisableTwoFactorAction opens dialog when Disable button is clicked","invocations":1,"location":null,"numPassingAsserts":1,"retryReasons":[],"status":"passed","title":"opens dialog when Disable button is clicked"},{"ancestorTitles":["TwoFactorAction","DisableTwoFactorAction"],"duration":49,"failureDetails":[],"failureMessages":[],"fullName":"TwoFactorAction DisableTwoFactorAction handles unenrollment success and logs out","invocations":1,"location":null,"numPassingAsserts":4,"retryReasons":[],"status":"passed","title":"handles unenrollment success and logs out"},{"ancestorTitles":["TwoFactorAction","DisableTwoFactorAction"],"duration":39,"failureDetails":[],"failureMessages":[],"fullName":"TwoFactorAction DisableTwoFactorAction shows error message when unenrollment fails","invocations":1,"location":null,"numPassingAsserts":1,"retryReasons":[],"status":"passed","title":"shows error message when unenrollment fails"}],"endTime":1753157174583,"message":"","name":"/Users/durgaprasadcreddy/Desktop/Livaro/src/components/settings/account/TwoFactor.test.tsx","startTime":1753157173290,"status":"passed","summary":""},{"assertionResults":[{"ancestorTitles":["Tabs Components","Tabs"],"duration":46,"failureDetails":[],"failureMessages":[],"fullName":"Tabs Components Tabs renders with default value","invocations":1,"location":null,"numPassingAsserts":3,"retryReasons":[],"status":"passed","title":"renders with default value"},{"ancestorTitles":["Tabs Components","Tabs"],"duration":56,"failureDetails":[],"failureMessages":[],"fullName":"Tabs Components Tabs switches tabs when clicked","invocations":1,"location":null,"numPassingAsserts":2,"retryReasons":[],"status":"passed","title":"switches tabs when clicked"},{"ancestorTitles":["Tabs Components","Tabs"],"duration":44,"failureDetails":[],"failureMessages":[],"fullName":"Tabs Components Tabs handles keyboard navigation","invocations":1,"location":null,"numPassingAsserts":2,"retryReasons":[],"status":"passed","title":"handles keyboard navigation"},{"ancestorTitles":["Tabs Components","Tabs"],"duration":21,"failureDetails":[],"failureMessages":[],"fullName":"Tabs Components Tabs respects disabled state","invocations":1,"location":null,"numPassingAsserts":2,"retryReasons":[],"status":"passed","title":"respects disabled state"},{"ancestorTitles":["Tabs Components","TabsList"],"duration":11,"failureDetails":[],"failureMessages":[],"fullName":"Tabs Components TabsList renders with correct styles","invocations":1,"location":null,"numPassingAsserts":1,"retryReasons":[],"status":"passed","title":"renders with correct styles"},{"ancestorTitles":["Tabs Components","TabsList"],"duration":6,"failureDetails":[],"failureMessages":[],"fullName":"Tabs Components TabsList applies custom className","invocations":1,"location":null,"numPassingAsserts":1,"retryReasons":[],"status":"passed","title":"applies custom className"},{"ancestorTitles":["Tabs Components","TabsTrigger"],"duration":6,"failureDetails":[],"failureMessages":[],"fullName":"Tabs Components TabsTrigger renders with correct styles","invocations":1,"location":null,"numPassingAsserts":1,"retryReasons":[],"status":"passed","title":"renders with correct styles"},{"ancestorTitles":["Tabs Components","TabsTrigger"],"duration":3,"failureDetails":[],"failureMessages":[],"fullName":"Tabs Components TabsTrigger applies custom className","invocations":1,"location":null,"numPassingAsserts":1,"retryReasons":[],"status":"passed","title":"applies custom className"},{"ancestorTitles":["Tabs Components","TabsTrigger"],"duration":4,"failureDetails":[],"failureMessages":[],"fullName":"Tabs Components TabsTrigger forwards ref correctly","invocations":1,"location":null,"numPassingAsserts":1,"retryReasons":[],"status":"passed","title":"forwards ref correctly"},{"ancestorTitles":["Tabs Components","TabsContent"],"duration":5,"failureDetails":[],"failureMessages":[],"fullName":"Tabs Components TabsContent renders when tab is active","invocations":1,"location":null,"numPassingAsserts":1,"retryReasons":[],"status":"passed","title":"renders when tab is active"},{"ancestorTitles":["Tabs Components","TabsContent"],"duration":3,"failureDetails":[],"failureMessages":[],"fullName":"Tabs Components TabsContent does not render when tab is inactive","invocations":1,"location":null,"numPassingAsserts":1,"retryReasons":[],"status":"passed","title":"does not render when tab is inactive"},{"ancestorTitles":["Tabs Components","TabsContent"],"duration":2,"failureDetails":[],"failureMessages":[],"fullName":"Tabs Components TabsContent applies custom className","invocations":1,"location":null,"numPassingAsserts":1,"retryReasons":[],"status":"passed","title":"applies custom className"},{"ancestorTitles":["Tabs Components","TabsContent"],"duration":3,"failureDetails":[],"failureMessages":[],"fullName":"Tabs Components TabsContent forwards ref correctly","invocations":1,"location":null,"numPassingAsserts":1,"retryReasons":[],"status":"passed","title":"forwards ref correctly"},{"ancestorTitles":["Tabs Components","Controlled Tabs"],"duration":20,"failureDetails":[],"failureMessages":[],"fullName":"Tabs Components Controlled Tabs works in controlled mode","invocations":1,"location":null,"numPassingAsserts":4,"retryReasons":[],"status":"passed","title":"works in controlled mode"},{"ancestorTitles":["Tabs Components","Accessibility"],"duration":17,"failureDetails":[],"failureMessages":[],"fullName":"Tabs Components Accessibility has proper ARIA attributes","invocations":1,"location":null,"numPassingAsserts":6,"retryReasons":[],"status":"passed","title":"has proper ARIA attributes"},{"ancestorTitles":["Tabs Components","Accessibility"],"duration":38,"failureDetails":[],"failureMessages":[],"fullName":"Tabs Components Accessibility supports keyboard navigation with Home/End keys","invocations":1,"location":null,"numPassingAsserts":2,"retryReasons":[],"status":"passed","title":"supports keyboard navigation with Home/End keys"}],"endTime":1753157174630,"message":"","name":"/Users/durgaprasadcreddy/Desktop/Livaro/Livaro/src/components/ui/tabs.test.tsx","startTime":1753157174129,"status":"passed","summary":""},{"assertionResults":[{"ancestorTitles":["MapContext"],"duration":7,"failureDetails":[],"failureMessages":[],"fullName":"MapContext should provide default values","invocations":1,"location":null,"numPassingAsserts":5,"retryReasons":[],"status":"passed","title":"should provide default values"},{"ancestorTitles":["MapContext"],"duration":35,"failureDetails":[],"failureMessages":[],"fullName":"MapContext should update selected property state","invocations":1,"location":null,"numPassingAsserts":1,"retryReasons":[],"status":"passed","title":"should update selected property state"},{"ancestorTitles":["MapContext"],"duration":14,"failureDetails":[],"failureMessages":[],"fullName":"MapContext should update sort option state","invocations":1,"location":null,"numPassingAsserts":1,"retryReasons":[],"status":"passed","title":"should update sort option state"},{"ancestorTitles":["MapContext"],"duration":10,"failureDetails":[],"failureMessages":[],"fullName":"MapContext should update price filter state","invocations":1,"location":null,"numPassingAsserts":2,"retryReasons":[],"status":"passed","title":"should update price filter state"},{"ancestorTitles":["MapContext"],"duration":11,"failureDetails":[],"failureMessages":[],"fullName":"MapContext should update bedrooms and bathrooms filter","invocations":1,"location":null,"numPassingAsserts":2,"retryReasons":[],"status":"passed","title":"should update bedrooms and bathrooms filter"},{"ancestorTitles":["MapContext"],"duration":13,"failureDetails":[],"failureMessages":[],"fullName":"MapContext should update property types filter","invocations":1,"location":null,"numPassingAsserts":2,"retryReasons":[],"status":"passed","title":"should update property types filter"},{"ancestorTitles":["MapContext"],"duration":14,"failureDetails":[],"failureMessages":[],"fullName":"MapContext should throw error when used outside provider","invocations":1,"location":null,"numPassingAsserts":1,"retryReasons":[],"status":"passed","title":"should throw error when used outside provider"},{"ancestorTitles":["MapContext"],"duration":1,"failureDetails":[],"failureMessages":[],"fullName":"MapContext should provide context to nested components","invocations":1,"location":null,"numPassingAsserts":2,"retryReasons":[],"status":"passed","title":"should provide context to nested components"},{"ancestorTitles":["MapContext"],"duration":36,"failureDetails":[],"failureMessages":[],"fullName":"MapContext should handle multiple state updates","invocations":1,"location":null,"numPassingAsserts":3,"retryReasons":[],"status":"passed","title":"should handle multiple state updates"},{"ancestorTitles":["MapContext"],"duration":20,"failureDetails":[],"failureMessages":[],"fullName":"MapContext should handle clearing selected property","invocations":1,"location":null,"numPassingAsserts":2,"retryReasons":[],"status":"passed","title":"should handle clearing selected property"}],"endTime":1753157174690,"message":"","name":"/Users/durgaprasadcreddy/Desktop/Livaro/Livaro/src/contexts/MapContext.test.tsx","startTime":1753157174423,"status":"passed","summary":""},{"assertionResults":[{"ancestorTitles":["Toast System"],"duration":16,"failureDetails":[],"failureMessages":[],"fullName":"Toast System throws error when useToast is used outside provider","invocations":1,"location":null,"numPassingAsserts":1,"retryReasons":[],"status":"passed","title":"throws error when useToast is used outside provider"},{"ancestorTitles":["Toast System"],"duration":16,"failureDetails":[],"failureMessages":[],"fullName":"Toast System renders success toast correctly","invocations":1,"location":null,"numPassingAsserts":2,"retryReasons":[],"status":"passed","title":"renders success toast correctly"},{"ancestorTitles":["Toast System"],"duration":5,"failureDetails":[],"failureMessages":[],"fullName":"Toast System renders error toast correctly","invocations":1,"location":null,"numPassingAsserts":2,"retryReasons":[],"status":"passed","title":"renders error toast correctly"},{"ancestorTitles":["Toast System"],"duration":4,"failureDetails":[],"failureMessages":[],"fullName":"Toast System renders warning toast correctly","invocations":1,"location":null,"numPassingAsserts":2,"retryReasons":[],"status":"passed","title":"renders warning toast correctly"},{"ancestorTitles":["Toast System"],"duration":7,"failureDetails":[],"failureMessages":[],"fullName":"Toast System renders info toast correctly","invocations":1,"location":null,"numPassingAsserts":2,"retryReasons":[],"status":"passed","title":"renders info toast correctly"},{"ancestorTitles":["Toast System"],"duration":7,"failureDetails":[],"failureMessages":[],"fullName":"Toast System renders custom toast with action","invocations":1,"location":null,"numPassingAsserts":3,"retryReasons":[],"status":"passed","title":"renders custom toast with action"},{"ancestorTitles":["Toast System"],"duration":328,"failureDetails":[],"failureMessages":[],"fullName":"Toast System allows closing toast with X button","invocations":1,"location":null,"numPassingAsserts":2,"retryReasons":[],"status":"passed","title":"allows closing toast with X button"},{"ancestorTitles":["Toast System"],"duration":6,"failureDetails":[],"failureMessages":[],"fullName":"Toast System supports multiple toasts simultaneously","invocations":1,"location":null,"numPassingAsserts":2,"retryReasons":[],"status":"passed","title":"supports multiple toasts simultaneously"},{"ancestorTitles":["Toast System"],"duration":9,"failureDetails":[],"failureMessages":[],"fullName":"Toast System auto-dismisses toast after duration","invocations":1,"location":null,"numPassingAsserts":2,"retryReasons":[],"status":"passed","title":"auto-dismisses toast after duration"}],"endTime":1753157174767,"message":"","name":"/Users/durgaprasadcreddy/Desktop/Livaro/Livaro/src/components/ui/Toast.test.tsx","startTime":1753157174245,"status":"passed","summary":""},{"assertionResults":[{"ancestorTitles":["Input"],"duration":32,"failureDetails":[],"failureMessages":[],"fullName":"Input renders with default props","invocations":1,"location":null,"numPassingAsserts":2,"retryReasons":[],"status":"passed","title":"renders with default props"},{"ancestorTitles":["Input"],"duration":50,"failureDetails":[],"failureMessages":[],"fullName":"Input accepts and displays value","invocations":1,"location":null,"numPassingAsserts":1,"retryReasons":[],"status":"passed","title":"accepts and displays value"},{"ancestorTitles":["Input"],"duration":6,"failureDetails":[],"failureMessages":[],"fullName":"Input handles controlled input","invocations":1,"location":null,"numPassingAsserts":1,"retryReasons":[],"status":"passed","title":"handles controlled input"},{"ancestorTitles":["Input"],"duration":16,"failureDetails":[],"failureMessages":[],"fullName":"Input calls onChange when typed in","invocations":1,"location":null,"numPassingAsserts":1,"retryReasons":[],"status":"passed","title":"calls onChange when typed in"},{"ancestorTitles":["Input"],"duration":9,"failureDetails":[],"failureMessages":[],"fullName":"Input renders with different input types","invocations":1,"location":null,"numPassingAsserts":3,"retryReasons":[],"status":"passed","title":"renders with different input types"},{"ancestorTitles":["Input"],"duration":3,"failureDetails":[],"failureMessages":[],"fullName":"Input renders with label","invocations":1,"location":null,"numPassingAsserts":2,"retryReasons":[],"status":"passed","title":"renders with label"},{"ancestorTitles":["Input"],"duration":6,"failureDetails":[],"failureMessages":[],"fullName":"Input renders with error state","invocations":1,"location":null,"numPassingAsserts":2,"retryReasons":[],"status":"passed","title":"renders with error state"},{"ancestorTitles":["Input"],"duration":8,"failureDetails":[],"failureMessages":[],"fullName":"Input renders with success state","invocations":1,"location":null,"numPassingAsserts":2,"retryReasons":[],"status":"passed","title":"renders with success state"},{"ancestorTitles":["Input"],"duration":1,"failureDetails":[],"failureMessages":[],"fullName":"Input renders with helper text","invocations":1,"location":null,"numPassingAsserts":1,"retryReasons":[],"status":"passed","title":"renders with helper text"},{"ancestorTitles":["Input"],"duration":3,"failureDetails":[],"failureMessages":[],"fullName":"Input renders with left icon","invocations":1,"location":null,"numPassingAsserts":2,"retryReasons":[],"status":"passed","title":"renders with left icon"},{"ancestorTitles":["Input"],"duration":2,"failureDetails":[],"failureMessages":[],"fullName":"Input renders with right icon","invocations":1,"location":null,"numPassingAsserts":2,"retryReasons":[],"status":"passed","title":"renders with right icon"},{"ancestorTitles":["Input"],"duration":3,"failureDetails":[],"failureMessages":[],"fullName":"Input applies placeholder when provided","invocations":1,"location":null,"numPassingAsserts":1,"retryReasons":[],"status":"passed","title":"applies placeholder when provided"},{"ancestorTitles":["Input"],"duration":3,"failureDetails":[],"failureMessages":[],"fullName":"Input handles disabled state","invocations":1,"location":null,"numPassingAsserts":2,"retryReasons":[],"status":"passed","title":"handles disabled state"},{"ancestorTitles":["Input"],"duration":1,"failureDetails":[],"failureMessages":[],"fullName":"Input supports HTML input attributes","invocations":1,"location":null,"numPassingAsserts":5,"retryReasons":[],"status":"passed","title":"supports HTML input attributes"},{"ancestorTitles":["Input"],"duration":38,"failureDetails":[],"failureMessages":[],"fullName":"Input handles form submission","invocations":1,"location":null,"numPassingAsserts":1,"retryReasons":[],"status":"passed","title":"handles form submission"},{"ancestorTitles":["Input"],"duration":5,"failureDetails":[],"failureMessages":[],"fullName":"Input applies proper styling for different states","invocations":1,"location":null,"numPassingAsserts":2,"retryReasons":[],"status":"passed","title":"applies proper styling for different states"},{"ancestorTitles":["Input"],"duration":2,"failureDetails":[],"failureMessages":[],"fullName":"Input handles file input type","invocations":1,"location":null,"numPassingAsserts":2,"retryReasons":[],"status":"passed","title":"handles file input type"},{"ancestorTitles":["Input"],"duration":18,"failureDetails":[],"failureMessages":[],"fullName":"Input handles password visibility toggle","invocations":1,"location":null,"numPassingAsserts":2,"retryReasons":[],"status":"passed","title":"handles password visibility toggle"},{"ancestorTitles":["Input"],"duration":6,"failureDetails":[],"failureMessages":[],"fullName":"Input renders floating variant","invocations":1,"location":null,"numPassingAsserts":2,"retryReasons":[],"status":"passed","title":"renders floating variant"},{"ancestorTitles":["Input"],"duration":6,"failureDetails":[],"failureMessages":[],"fullName":"Input applies custom className","invocations":1,"location":null,"numPassingAsserts":1,"retryReasons":[],"status":"passed","title":"applies custom className"},{"ancestorTitles":["Input"],"duration":6,"failureDetails":[],"failureMessages":[],"fullName":"Input forwards ref correctly","invocations":1,"location":null,"numPassingAsserts":1,"retryReasons":[],"status":"passed","title":"forwards ref correctly"}],"endTime":1753157174785,"message":"","name":"/Users/durgaprasadcreddy/Desktop/Livaro/Livaro/src/components/ui/input.test.tsx","startTime":1753157174316,"status":"passed","summary":""},{"assertionResults":[{"ancestorTitles":["MapContext"],"duration":8,"failureDetails":[],"failureMessages":[],"fullName":"MapContext should provide default values","invocations":1,"location":null,"numPassingAsserts":5,"retryReasons":[],"status":"passed","title":"should provide default values"},{"ancestorTitles":["MapContext"],"duration":16,"failureDetails":[],"failureMessages":[],"fullName":"MapContext should update selected property state","invocations":1,"location":null,"numPassingAsserts":1,"retryReasons":[],"status":"passed","title":"should update selected property state"},{"ancestorTitles":["MapContext"],"duration":11,"failureDetails":[],"failureMessages":[],"fullName":"MapContext should update sort option state","invocations":1,"location":null,"numPassingAsserts":1,"retryReasons":[],"status":"passed","title":"should update sort option state"},{"ancestorTitles":["MapContext"],"duration":12,"failureDetails":[],"failureMessages":[],"fullName":"MapContext should update price filter state","invocations":1,"location":null,"numPassingAsserts":2,"retryReasons":[],"status":"passed","title":"should update price filter state"},{"ancestorTitles":["MapContext"],"duration":11,"failureDetails":[],"failureMessages":[],"fullName":"MapContext should update bedrooms and bathrooms filter","invocations":1,"location":null,"numPassingAsserts":2,"retryReasons":[],"status":"passed","title":"should update bedrooms and bathrooms filter"},{"ancestorTitles":["MapContext"],"duration":11,"failureDetails":[],"failureMessages":[],"fullName":"MapContext should update property types filter","invocations":1,"location":null,"numPassingAsserts":2,"retryReasons":[],"status":"passed","title":"should update property types filter"},{"ancestorTitles":["MapContext"],"duration":18,"failureDetails":[],"failureMessages":[],"fullName":"MapContext should throw error when used outside provider","invocations":1,"location":null,"numPassingAsserts":1,"retryReasons":[],"status":"passed","title":"should throw error when used outside provider"},{"ancestorTitles":["MapContext"],"duration":1,"failureDetails":[],"failureMessages":[],"fullName":"MapContext should provide context to nested components","invocations":1,"location":null,"numPassingAsserts":2,"retryReasons":[],"status":"passed","title":"should provide context to nested components"},{"ancestorTitles":["MapContext"],"duration":35,"failureDetails":[],"failureMessages":[],"fullName":"MapContext should handle multiple state updates","invocations":1,"location":null,"numPassingAsserts":3,"retryReasons":[],"status":"passed","title":"should handle multiple state updates"},{"ancestorTitles":["MapContext"],"duration":20,"failureDetails":[],"failureMessages":[],"fullName":"MapContext should handle clearing selected property","invocations":1,"location":null,"numPassingAsserts":2,"retryReasons":[],"status":"passed","title":"should handle clearing selected property"}],"endTime":1753157174843,"message":"","name":"/Users/durgaprasadcreddy/Desktop/Livaro/src/contexts/MapContext.test.tsx","startTime":1753157174635,"status":"passed","summary":""},{"assertionResults":[{"ancestorTitles":["Input"],"duration":13,"failureDetails":[],"failureMessages":[],"fullName":"Input renders with default props","invocations":1,"location":null,"numPassingAsserts":2,"retryReasons":[],"status":"passed","title":"renders with default props"},{"ancestorTitles":["Input"],"duration":35,"failureDetails":[],"failureMessages":[],"fullName":"Input accepts and displays value","invocations":1,"location":null,"numPassingAsserts":1,"retryReasons":[],"status":"passed","title":"accepts and displays value"},{"ancestorTitles":["Input"],"duration":3,"failureDetails":[],"failureMessages":[],"fullName":"Input handles controlled input","invocations":1,"location":null,"numPassingAsserts":1,"retryReasons":[],"status":"passed","title":"handles controlled input"},{"ancestorTitles":["Input"],"duration":12,"failureDetails":[],"failureMessages":[],"fullName":"Input calls onChange when typed in","invocations":1,"location":null,"numPassingAsserts":1,"retryReasons":[],"status":"passed","title":"calls onChange when typed in"},{"ancestorTitles":["Input"],"duration":9,"failureDetails":[],"failureMessages":[],"fullName":"Input renders with different input types","invocations":1,"location":null,"numPassingAsserts":3,"retryReasons":[],"status":"passed","title":"renders with different input types"},{"ancestorTitles":["Input"],"duration":2,"failureDetails":[],"failureMessages":[],"fullName":"Input renders with label","invocations":1,"location":null,"numPassingAsserts":2,"retryReasons":[],"status":"passed","title":"renders with label"},{"ancestorTitles":["Input"],"duration":6,"failureDetails":[],"failureMessages":[],"fullName":"Input renders with error state","invocations":1,"location":null,"numPassingAsserts":2,"retryReasons":[],"status":"passed","title":"renders with error state"},{"ancestorTitles":["Input"],"duration":4,"failureDetails":[],"failureMessages":[],"fullName":"Input renders with success state","invocations":1,"location":null,"numPassingAsserts":2,"retryReasons":[],"status":"passed","title":"renders with success state"},{"ancestorTitles":["Input"],"duration":2,"failureDetails":[],"failureMessages":[],"fullName":"Input renders with helper text","invocations":1,"location":null,"numPassingAsserts":1,"retryReasons":[],"status":"passed","title":"renders with helper text"},{"ancestorTitles":["Input"],"duration":4,"failureDetails":[],"failureMessages":[],"fullName":"Input renders with left icon","invocations":1,"location":null,"numPassingAsserts":2,"retryReasons":[],"status":"passed","title":"renders with left icon"},{"ancestorTitles":["Input"],"duration":2,"failureDetails":[],"failureMessages":[],"fullName":"Input renders with right icon","invocations":1,"location":null,"numPassingAsserts":2,"retryReasons":[],"status":"passed","title":"renders with right icon"},{"ancestorTitles":["Input"],"duration":2,"failureDetails":[],"failureMessages":[],"fullName":"Input applies placeholder when provided","invocations":1,"location":null,"numPassingAsserts":1,"retryReasons":[],"status":"passed","title":"applies placeholder when provided"},{"ancestorTitles":["Input"],"duration":3,"failureDetails":[],"failureMessages":[],"fullName":"Input handles disabled state","invocations":1,"location":null,"numPassingAsserts":2,"retryReasons":[],"status":"passed","title":"handles disabled state"},{"ancestorTitles":["Input"],"duration":1,"failureDetails":[],"failureMessages":[],"fullName":"Input supports HTML input attributes","invocations":1,"location":null,"numPassingAsserts":5,"retryReasons":[],"status":"passed","title":"supports HTML input attributes"},{"ancestorTitles":["Input"],"duration":53,"failureDetails":[],"failureMessages":[],"fullName":"Input handles form submission","invocations":1,"location":null,"numPassingAsserts":1,"retryReasons":[],"status":"passed","title":"handles form submission"},{"ancestorTitles":["Input"],"duration":5,"failureDetails":[],"failureMessages":[],"fullName":"Input applies proper styling for different states","invocations":1,"location":null,"numPassingAsserts":2,"retryReasons":[],"status":"passed","title":"applies proper styling for different states"},{"ancestorTitles":["Input"],"duration":3,"failureDetails":[],"failureMessages":[],"fullName":"Input handles file input type","invocations":1,"location":null,"numPassingAsserts":2,"retryReasons":[],"status":"passed","title":"handles file input type"},{"ancestorTitles":["Input"],"duration":15,"failureDetails":[],"failureMessages":[],"fullName":"Input handles password visibility toggle","invocations":1,"location":null,"numPassingAsserts":2,"retryReasons":[],"status":"passed","title":"handles password visibility toggle"},{"ancestorTitles":["Input"],"duration":3,"failureDetails":[],"failureMessages":[],"fullName":"Input renders floating variant","invocations":1,"location":null,"numPassingAsserts":2,"retryReasons":[],"status":"passed","title":"renders floating variant"},{"ancestorTitles":["Input"],"duration":3,"failureDetails":[],"failureMessages":[],"fullName":"Input applies custom className","invocations":1,"location":null,"numPassingAsserts":1,"retryReasons":[],"status":"passed","title":"applies custom className"},{"ancestorTitles":["Input"],"duration":2,"failureDetails":[],"failureMessages":[],"fullName":"Input forwards ref correctly","invocations":1,"location":null,"numPassingAsserts":1,"retryReasons":[],"status":"passed","title":"forwards ref correctly"}],"endTime":1753157174869,"message":"","name":"/Users/durgaprasadcreddy/Desktop/Livaro/src/components/ui/input.test.tsx","startTime":1753157174606,"status":"passed","summary":""},{"assertionResults":[{"ancestorTitles":["Switch"],"duration":10,"failureDetails":[],"failureMessages":[],"fullName":"Switch renders with default props","invocations":1,"location":null,"numPassingAsserts":3,"retryReasons":[],"status":"passed","title":"renders with default props"},{"ancestorTitles":["Switch"],"duration":24,"failureDetails":[],"failureMessages":[],"fullName":"Switch toggles when clicked","invocations":1,"location":null,"numPassingAsserts":1,"retryReasons":[],"status":"passed","title":"toggles when clicked"},{"ancestorTitles":["Switch"],"duration":5,"failureDetails":[],"failureMessages":[],"fullName":"Switch handles controlled state","invocations":1,"location":null,"numPassingAsserts":4,"retryReasons":[],"status":"passed","title":"handles controlled state"},{"ancestorTitles":["Switch"],"duration":4,"failureDetails":[],"failureMessages":[],"fullName":"Switch applies custom className","invocations":1,"location":null,"numPassingAsserts":1,"retryReasons":[],"status":"passed","title":"applies custom className"},{"ancestorTitles":["Switch"],"duration":1,"failureDetails":[],"failureMessages":[],"fullName":"Switch forwards ref correctly","invocations":1,"location":null,"numPassingAsserts":2,"retryReasons":[],"status":"passed","title":"forwards ref correctly"},{"ancestorTitles":["Switch"],"duration":10,"failureDetails":[],"failureMessages":[],"fullName":"Switch handles disabled state","invocations":1,"location":null,"numPassingAsserts":3,"retryReasons":[],"status":"passed","title":"handles disabled state"},{"ancestorTitles":["Switch"],"duration":4,"failureDetails":[],"failureMessages":[],"fullName":"Switch shows correct visual state for checked","invocations":1,"location":null,"numPassingAsserts":3,"retryReasons":[],"status":"passed","title":"shows correct visual state for checked"},{"ancestorTitles":["Switch"],"duration":6,"failureDetails":[],"failureMessages":[],"fullName":"Switch shows correct visual state for unchecked","invocations":1,"location":null,"numPassingAsserts":3,"retryReasons":[],"status":"passed","title":"shows correct visual state for unchecked"},{"ancestorTitles":["Switch"],"duration":3,"failureDetails":[],"failureMessages":[],"fullName":"Switch renders thumb element correctly","invocations":1,"location":null,"numPassingAsserts":2,"retryReasons":[],"status":"passed","title":"renders thumb element correctly"},{"ancestorTitles":["Switch"],"duration":5,"failureDetails":[],"failureMessages":[],"fullName":"Switch applies proper button styling","invocations":1,"location":null,"numPassingAsserts":1,"retryReasons":[],"status":"passed","title":"applies proper button styling"},{"ancestorTitles":["Switch"],"duration":24,"failureDetails":[],"failureMessages":[],"fullName":"Switch handles focus correctly","invocations":1,"location":null,"numPassingAsserts":1,"retryReasons":[],"status":"passed","title":"handles focus correctly"},{"ancestorTitles":["Switch"],"duration":16,"failureDetails":[],"failureMessages":[],"fullName":"Switch does not call onCheckedChange when disabled","invocations":1,"location":null,"numPassingAsserts":1,"retryReasons":[],"status":"passed","title":"does not call onCheckedChange when disabled"},{"ancestorTitles":["Switch"],"duration":13,"failureDetails":[],"failureMessages":[],"fullName":"Switch toggles from checked to unchecked","invocations":1,"location":null,"numPassingAsserts":1,"retryReasons":[],"status":"passed","title":"toggles from checked to unchecked"}],"endTime":1753157174899,"message":"","name":"/Users/durgaprasadcreddy/Desktop/Livaro/Livaro/src/components/ui/switch.test.tsx","startTime":1753157174699,"status":"passed","summary":""},{"assertionResults":[{"ancestorTitles":["Tabs Components","Tabs"],"duration":39,"failureDetails":[],"failureMessages":[],"fullName":"Tabs Components Tabs renders with default value","invocations":1,"location":null,"numPassingAsserts":3,"retryReasons":[],"status":"passed","title":"renders with default value"},{"ancestorTitles":["Tabs Components","Tabs"],"duration":33,"failureDetails":[],"failureMessages":[],"fullName":"Tabs Components Tabs switches tabs when clicked","invocations":1,"location":null,"numPassingAsserts":2,"retryReasons":[],"status":"passed","title":"switches tabs when clicked"},{"ancestorTitles":["Tabs Components","Tabs"],"duration":36,"failureDetails":[],"failureMessages":[],"fullName":"Tabs Components Tabs handles keyboard navigation","invocations":1,"location":null,"numPassingAsserts":2,"retryReasons":[],"status":"passed","title":"handles keyboard navigation"},{"ancestorTitles":["Tabs Components","Tabs"],"duration":22,"failureDetails":[],"failureMessages":[],"fullName":"Tabs Components Tabs respects disabled state","invocations":1,"location":null,"numPassingAsserts":2,"retryReasons":[],"status":"passed","title":"respects disabled state"},{"ancestorTitles":["Tabs Components","TabsList"],"duration":8,"failureDetails":[],"failureMessages":[],"fullName":"Tabs Components TabsList renders with correct styles","invocations":1,"location":null,"numPassingAsserts":1,"retryReasons":[],"status":"passed","title":"renders with correct styles"},{"ancestorTitles":["Tabs Components","TabsList"],"duration":7,"failureDetails":[],"failureMessages":[],"fullName":"Tabs Components TabsList applies custom className","invocations":1,"location":null,"numPassingAsserts":1,"retryReasons":[],"status":"passed","title":"applies custom className"},{"ancestorTitles":["Tabs Components","TabsTrigger"],"duration":16,"failureDetails":[],"failureMessages":[],"fullName":"Tabs Components TabsTrigger renders with correct styles","invocations":1,"location":null,"numPassingAsserts":1,"retryReasons":[],"status":"passed","title":"renders with correct styles"},{"ancestorTitles":["Tabs Components","TabsTrigger"],"duration":5,"failureDetails":[],"failureMessages":[],"fullName":"Tabs Components TabsTrigger applies custom className","invocations":1,"location":null,"numPassingAsserts":1,"retryReasons":[],"status":"passed","title":"applies custom className"},{"ancestorTitles":["Tabs Components","TabsTrigger"],"duration":2,"failureDetails":[],"failureMessages":[],"fullName":"Tabs Components TabsTrigger forwards ref correctly","invocations":1,"location":null,"numPassingAsserts":1,"retryReasons":[],"status":"passed","title":"forwards ref correctly"},{"ancestorTitles":["Tabs Components","TabsContent"],"duration":3,"failureDetails":[],"failureMessages":[],"fullName":"Tabs Components TabsContent renders when tab is active","invocations":1,"location":null,"numPassingAsserts":1,"retryReasons":[],"status":"passed","title":"renders when tab is active"},{"ancestorTitles":["Tabs Components","TabsContent"],"duration":3,"failureDetails":[],"failureMessages":[],"fullName":"Tabs Components TabsContent does not render when tab is inactive","invocations":1,"location":null,"numPassingAsserts":1,"retryReasons":[],"status":"passed","title":"does not render when tab is inactive"},{"ancestorTitles":["Tabs Components","TabsContent"],"duration":1,"failureDetails":[],"failureMessages":[],"fullName":"Tabs Components TabsContent applies custom className","invocations":1,"location":null,"numPassingAsserts":1,"retryReasons":[],"status":"passed","title":"applies custom className"},{"ancestorTitles":["Tabs Components","TabsContent"],"duration":2,"failureDetails":[],"failureMessages":[],"fullName":"Tabs Components TabsContent forwards ref correctly","invocations":1,"location":null,"numPassingAsserts":1,"retryReasons":[],"status":"passed","title":"forwards ref correctly"},{"ancestorTitles":["Tabs Components","Controlled Tabs"],"duration":23,"failureDetails":[],"failureMessages":[],"fullName":"Tabs Components Controlled Tabs works in controlled mode","invocations":1,"location":null,"numPassingAsserts":4,"retryReasons":[],"status":"passed","title":"works in controlled mode"},{"ancestorTitles":["Tabs Components","Accessibility"],"duration":25,"failureDetails":[],"failureMessages":[],"fullName":"Tabs Components Accessibility has proper ARIA attributes","invocations":1,"location":null,"numPassingAsserts":6,"retryReasons":[],"status":"passed","title":"has proper ARIA attributes"},{"ancestorTitles":["Tabs Components","Accessibility"],"duration":53,"failureDetails":[],"failureMessages":[],"fullName":"Tabs Components Accessibility supports keyboard navigation with Home/End keys","invocations":1,"location":null,"numPassingAsserts":2,"retryReasons":[],"status":"passed","title":"supports keyboard navigation with Home/End keys"}],"endTime":1753157174910,"message":"","name":"/Users/durgaprasadcreddy/Desktop/Livaro/src/components/ui/tabs.test.tsx","startTime":1753157174502,"status":"passed","summary":""},{"assertionResults":[{"ancestorTitles":["Toast System"],"duration":20,"failureDetails":[],"failureMessages":[],"fullName":"Toast System throws error when useToast is used outside provider","invocations":1,"location":null,"numPassingAsserts":1,"retryReasons":[],"status":"passed","title":"throws error when useToast is used outside provider"},{"ancestorTitles":["Toast System"],"duration":16,"failureDetails":[],"failureMessages":[],"fullName":"Toast System renders success toast correctly","invocations":1,"location":null,"numPassingAsserts":2,"retryReasons":[],"status":"passed","title":"renders success toast correctly"},{"ancestorTitles":["Toast System"],"duration":5,"failureDetails":[],"failureMessages":[],"fullName":"Toast System renders error toast correctly","invocations":1,"location":null,"numPassingAsserts":2,"retryReasons":[],"status":"passed","title":"renders error toast correctly"},{"ancestorTitles":["Toast System"],"duration":5,"failureDetails":[],"failureMessages":[],"fullName":"Toast System renders warning toast correctly","invocations":1,"location":null,"numPassingAsserts":2,"retryReasons":[],"status":"passed","title":"renders warning toast correctly"},{"ancestorTitles":["Toast System"],"duration":4,"failureDetails":[],"failureMessages":[],"fullName":"Toast System renders info toast correctly","invocations":1,"location":null,"numPassingAsserts":2,"retryReasons":[],"status":"passed","title":"renders info toast correctly"},{"ancestorTitles":["Toast System"],"duration":5,"failureDetails":[],"failureMessages":[],"fullName":"Toast System renders custom toast with action","invocations":1,"location":null,"numPassingAsserts":3,"retryReasons":[],"status":"passed","title":"renders custom toast with action"},{"ancestorTitles":["Toast System"],"duration":325,"failureDetails":[],"failureMessages":[],"fullName":"Toast System allows closing toast with X button","invocations":1,"location":null,"numPassingAsserts":2,"retryReasons":[],"status":"passed","title":"allows closing toast with X button"},{"ancestorTitles":["Toast System"],"duration":17,"failureDetails":[],"failureMessages":[],"fullName":"Toast System supports multiple toasts simultaneously","invocations":1,"location":null,"numPassingAsserts":2,"retryReasons":[],"status":"passed","title":"supports multiple toasts simultaneously"},{"ancestorTitles":["Toast System"],"duration":22,"failureDetails":[],"failureMessages":[],"fullName":"Toast System auto-dismisses toast after duration","invocations":1,"location":null,"numPassingAsserts":2,"retryReasons":[],"status":"passed","title":"auto-dismisses toast after duration"}],"endTime":1753157174951,"message":"","name":"/Users/durgaprasadcreddy/Desktop/Livaro/src/components/ui/Toast.test.tsx","startTime":1753157174418,"status":"passed","summary":""},{"assertionResults":[{"ancestorTitles":["Spinner"],"duration":16,"failureDetails":[],"failureMessages":[],"fullName":"Spinner renders with default props","invocations":1,"location":null,"numPassingAsserts":2,"retryReasons":[],"status":"passed","title":"renders with default props"},{"ancestorTitles":["Spinner"],"duration":2,"failureDetails":[],"failureMessages":[],"fullName":"Spinner renders with custom size","invocations":1,"location":null,"numPassingAsserts":1,"retryReasons":[],"status":"passed","title":"renders with custom size"},{"ancestorTitles":["Spinner"],"duration":1,"failureDetails":[],"failureMessages":[],"fullName":"Spinner renders with primary variant","invocations":1,"location":null,"numPassingAsserts":1,"retryReasons":[],"status":"passed","title":"renders with primary variant"},{"ancestorTitles":["Spinner"],"duration":1,"failureDetails":[],"failureMessages":[],"fullName":"Spinner renders with secondary variant","invocations":1,"location":null,"numPassingAsserts":1,"retryReasons":[],"status":"passed","title":"renders with secondary variant"},{"ancestorTitles":["Spinner"],"duration":1,"failureDetails":[],"failureMessages":[],"fullName":"Spinner renders with white variant","invocations":1,"location":null,"numPassingAsserts":1,"retryReasons":[],"status":"passed","title":"renders with white variant"},{"ancestorTitles":["Spinner"],"duration":1,"failureDetails":[],"failureMessages":[],"fullName":"Spinner renders with current variant","invocations":1,"location":null,"numPassingAsserts":1,"retryReasons":[],"status":"passed","title":"renders with current variant"},{"ancestorTitles":["Spinner"],"duration":5,"failureDetails":[],"failureMessages":[],"fullName":"Spinner applies custom className","invocations":1,"location":null,"numPassingAsserts":1,"retryReasons":[],"status":"passed","title":"applies custom className"},{"ancestorTitles":["Spinner"],"duration":11,"failureDetails":[],"failureMessages":[],"fullName":"Spinner renders with label","invocations":1,"location":null,"numPassingAsserts":2,"retryReasons":[],"status":"passed","title":"renders with label"},{"ancestorTitles":["Spinner"],"duration":5,"failureDetails":[],"failureMessages":[],"fullName":"Spinner renders circular type by default","invocations":1,"location":null,"numPassingAsserts":1,"retryReasons":[],"status":"passed","title":"renders circular type by default"},{"ancestorTitles":["Spinner"],"duration":3,"failureDetails":[],"failureMessages":[],"fullName":"Spinner renders dots type","invocations":1,"location":null,"numPassingAsserts":2,"retryReasons":[],"status":"passed","title":"renders dots type"},{"ancestorTitles":["Spinner"],"duration":5,"failureDetails":[],"failureMessages":[],"fullName":"Spinner renders pulse type","invocations":1,"location":null,"numPassingAsserts":1,"retryReasons":[],"status":"passed","title":"renders pulse type"},{"ancestorTitles":["Spinner"],"duration":4,"failureDetails":[],"failureMessages":[],"fullName":"Spinner has proper accessibility attributes with custom label","invocations":1,"location":null,"numPassingAsserts":2,"retryReasons":[],"status":"passed","title":"has proper accessibility attributes with custom label"},{"ancestorTitles":["Spinner"],"duration":28,"failureDetails":[],"failureMessages":[],"fullName":"Spinner maintains size for different types","invocations":1,"location":null,"numPassingAsserts":3,"retryReasons":[],"status":"passed","title":"maintains size for different types"},{"ancestorTitles":["Spinner"],"duration":2,"failureDetails":[],"failureMessages":[],"fullName":"Spinner applies inline-flex base classes","invocations":1,"location":null,"numPassingAsserts":1,"retryReasons":[],"status":"passed","title":"applies inline-flex base classes"},{"ancestorTitles":["Spinner"],"duration":1,"failureDetails":[],"failureMessages":[],"fullName":"Spinner renders with all props combined","invocations":1,"location":null,"numPassingAsserts":5,"retryReasons":[],"status":"passed","title":"renders with all props combined"}],"endTime":1753157174973,"message":"","name":"/Users/durgaprasadcreddy/Desktop/Livaro/Livaro/src/components/ui/spinner.test.tsx","startTime":1753157174799,"status":"passed","summary":""},{"assertionResults":[{"ancestorTitles":["Spinner"],"duration":18,"failureDetails":[],"failureMessages":[],"fullName":"Spinner renders with default props","invocations":1,"location":null,"numPassingAsserts":2,"retryReasons":[],"status":"passed","title":"renders with default props"},{"ancestorTitles":["Spinner"],"duration":3,"failureDetails":[],"failureMessages":[],"fullName":"Spinner renders with custom size","invocations":1,"location":null,"numPassingAsserts":1,"retryReasons":[],"status":"passed","title":"renders with custom size"},{"ancestorTitles":["Spinner"],"duration":4,"failureDetails":[],"failureMessages":[],"fullName":"Spinner renders with primary variant","invocations":1,"location":null,"numPassingAsserts":1,"retryReasons":[],"status":"passed","title":"renders with primary variant"},{"ancestorTitles":["Spinner"],"duration":7,"failureDetails":[],"failureMessages":[],"fullName":"Spinner renders with secondary variant","invocations":1,"location":null,"numPassingAsserts":1,"retryReasons":[],"status":"passed","title":"renders with secondary variant"},{"ancestorTitles":["Spinner"],"duration":11,"failureDetails":[],"failureMessages":[],"fullName":"Spinner renders with white variant","invocations":1,"location":null,"numPassingAsserts":1,"retryReasons":[],"status":"passed","title":"renders with white variant"},{"ancestorTitles":["Spinner"],"duration":11,"failureDetails":[],"failureMessages":[],"fullName":"Spinner renders with current variant","invocations":1,"location":null,"numPassingAsserts":1,"retryReasons":[],"status":"passed","title":"renders with current variant"},{"ancestorTitles":["Spinner"],"duration":1,"failureDetails":[],"failureMessages":[],"fullName":"Spinner applies custom className","invocations":1,"location":null,"numPassingAsserts":1,"retryReasons":[],"status":"passed","title":"applies custom className"},{"ancestorTitles":["Spinner"],"duration":24,"failureDetails":[],"failureMessages":[],"fullName":"Spinner renders with label","invocations":1,"location":null,"numPassingAsserts":2,"retryReasons":[],"status":"passed","title":"renders with label"},{"ancestorTitles":["Spinner"],"duration":9,"failureDetails":[],"failureMessages":[],"fullName":"Spinner renders circular type by default","invocations":1,"location":null,"numPassingAsserts":1,"retryReasons":[],"status":"passed","title":"renders circular type by default"},{"ancestorTitles":["Spinner"],"duration":7,"failureDetails":[],"failureMessages":[],"fullName":"Spinner renders dots type","invocations":1,"location":null,"numPassingAsserts":2,"retryReasons":[],"status":"passed","title":"renders dots type"},{"ancestorTitles":["Spinner"],"duration":2,"failureDetails":[],"failureMessages":[],"fullName":"Spinner renders pulse type","invocations":1,"location":null,"numPassingAsserts":1,"retryReasons":[],"status":"passed","title":"renders pulse type"},{"ancestorTitles":["Spinner"],"duration":1,"failureDetails":[],"failureMessages":[],"fullName":"Spinner has proper accessibility attributes with custom label","invocations":1,"location":null,"numPassingAsserts":2,"retryReasons":[],"status":"passed","title":"has proper accessibility attributes with custom label"},{"ancestorTitles":["Spinner"],"duration":8,"failureDetails":[],"failureMessages":[],"fullName":"Spinner maintains size for different types","invocations":1,"location":null,"numPassingAsserts":3,"retryReasons":[],"status":"passed","title":"maintains size for different types"},{"ancestorTitles":["Spinner"],"duration":3,"failureDetails":[],"failureMessages":[],"fullName":"Spinner applies inline-flex base classes","invocations":1,"location":null,"numPassingAsserts":1,"retryReasons":[],"status":"passed","title":"applies inline-flex base classes"},{"ancestorTitles":["Spinner"],"duration":5,"failureDetails":[],"failureMessages":[],"fullName":"Spinner renders with all props combined","invocations":1,"location":null,"numPassingAsserts":5,"retryReasons":[],"status":"passed","title":"renders with all props combined"}],"endTime":1753157174984,"message":"","name":"/Users/durgaprasadcreddy/Desktop/Livaro/src/components/ui/spinner.test.tsx","startTime":1753157174774,"status":"passed","summary":""},{"assertionResults":[{"ancestorTitles":["Card Components","Card"],"duration":46,"failureDetails":[],"failureMessages":[],"fullName":"Card Components Card renders with default styles","invocations":1,"location":null,"numPassingAsserts":2,"retryReasons":[],"status":"passed","title":"renders with default styles"},{"ancestorTitles":["Card Components","Card"],"duration":1,"failureDetails":[],"failureMessages":[],"fullName":"Card Components Card applies custom className","invocations":1,"location":null,"numPassingAsserts":1,"retryReasons":[],"status":"passed","title":"applies custom className"},{"ancestorTitles":["Card Components","Card"],"duration":1,"failureDetails":[],"failureMessages":[],"fullName":"Card Components Card forwards ref correctly","invocations":1,"location":null,"numPassingAsserts":1,"retryReasons":[],"status":"passed","title":"forwards ref correctly"},{"ancestorTitles":["Card Components","Card"],"duration":2,"failureDetails":[],"failureMessages":[],"fullName":"Card Components Card passes through other HTML attributes","invocations":1,"location":null,"numPassingAsserts":1,"retryReasons":[],"status":"passed","title":"passes through other HTML attributes"},{"ancestorTitles":["Card Components","CardHeader"],"duration":1,"failureDetails":[],"failureMessages":[],"fullName":"Card Components CardHeader renders with default styles","invocations":1,"location":null,"numPassingAsserts":2,"retryReasons":[],"status":"passed","title":"renders with default styles"},{"ancestorTitles":["Card Components","CardHeader"],"duration":3,"failureDetails":[],"failureMessages":[],"fullName":"Card Components CardHeader applies custom className","invocations":1,"location":null,"numPassingAsserts":1,"retryReasons":[],"status":"passed","title":"applies custom className"},{"ancestorTitles":["Card Components","CardHeader"],"duration":1,"failureDetails":[],"failureMessages":[],"fullName":"Card Components CardHeader forwards ref correctly","invocations":1,"location":null,"numPassingAsserts":1,"retryReasons":[],"status":"passed","title":"forwards ref correctly"},{"ancestorTitles":["Card Components","CardTitle"],"duration":3,"failureDetails":[],"failureMessages":[],"fullName":"Card Components CardTitle renders with default styles","invocations":1,"location":null,"numPassingAsserts":2,"retryReasons":[],"status":"passed","title":"renders with default styles"},{"ancestorTitles":["Card Components","CardTitle"],"duration":1,"failureDetails":[],"failureMessages":[],"fullName":"Card Components CardTitle applies custom className","invocations":1,"location":null,"numPassingAsserts":1,"retryReasons":[],"status":"passed","title":"applies custom className"},{"ancestorTitles":["Card Components","CardTitle"],"duration":0,"failureDetails":[],"failureMessages":[],"fullName":"Card Components CardTitle forwards ref correctly","invocations":1,"location":null,"numPassingAsserts":1,"retryReasons":[],"status":"passed","title":"forwards ref correctly"},{"ancestorTitles":["Card Components","CardDescription"],"duration":0,"failureDetails":[],"failureMessages":[],"fullName":"Card Components CardDescription renders with default styles","invocati
[...]
ll,"numPassingAsserts":2,"retryReasons":[],"status":"passed","title":"should handle large numbers"},{"ancestorTitles":["formatBedroomsAndBathrooms"],"duration":0,"failureDetails":[],"failureMessages":[],"fullName":"formatBedroomsAndBathrooms should handle decimal inputs by truncating","invocations":1,"location":null,"numPassingAsserts":2,"retryReasons":[],"status":"passed","title":"should handle decimal inputs by truncating"},{"ancestorTitles":["capitalizeFirstLetter"],"duration":0,"failureDetails":[],"failureMessages":[],"fullName":"capitalizeFirstLetter should capitalize the first letter","invocations":1,"location":null,"numPassingAsserts":4,"retryReasons":[],"status":"passed","title":"should capitalize the first letter"},{"ancestorTitles":["capitalizeFirstLetter"],"duration":1,"failureDetails":[],"failureMessages":[],"fullName":"capitalizeFirstLetter should handle edge cases","invocations":1,"location":null,"numPassingAsserts":4,"retryReasons":[],"status":"passed","title":"should handle edge cases"},{"ancestorTitles":["capitalizeFirstLetter"],"duration":0,"failureDetails":[],"failureMessages":[],"fullName":"capitalizeFirstLetter should handle special characters","invocations":1,"location":null,"numPassingAsserts":4,"retryReasons":[],"status":"passed","title":"should handle special characters"},{"ancestorTitles":["capitalizeFirstLetter"],"duration":1,"failureDetails":[],"failureMessages":[],"fullName":"capitalizeFirstLetter should handle non-string inputs gracefully","invocations":1,"location":null,"numPassingAsserts":3,"retryReasons":[],"status":"passed","title":"should handle non-string inputs gracefully"},{"ancestorTitles":["capitalizeFirstLetter"],"duration":0,"failureDetails":[],"failureMessages":[],"fullName":"capitalizeFirstLetter should handle unicode characters","invocations":1,"location":null,"numPassingAsserts":2,"retryReasons":[],"status":"passed","title":"should handle unicode characters"},{"ancestorTitles":["capitalizeFirstLetter"],"duration":0,"failureDetails":[],"failureMessages":[],"fullName":"capitalizeFirstLetter should preserve whitespace and special formatting","invocations":1,"location":null,"numPassingAsserts":3,"retryReasons":[],"status":"passed","title":"should preserve whitespace and special formatting"},{"ancestorTitles":["trimZeros"],"duration":1,"failureDetails":[],"failureMessages":[],"fullName":"trimZeros should remove trailing zeros after decimal","invocations":1,"location":null,"numPassingAsserts":5,"retryReasons":[],"status":"passed","title":"should remove trailing zeros after decimal"},{"ancestorTitles":["trimZeros"],"duration":0,"failureDetails":[],"failureMessages":[],"fullName":"trimZeros should handle numbers without decimals","invocations":1,"location":null,"numPassingAsserts":4,"retryReasons":[],"status":"passed","title":"should handle numbers without decimals"},{"ancestorTitles":["trimZeros"],"duration":0,"failureDetails":[],"failureMessages":[],"fullName":"trimZeros should handle edge cases","invocations":1,"location":null,"numPassingAsserts":4,"retryReasons":[],"status":"passed","title":"should handle edge cases"},{"ancestorTitles":["trimZeros"],"duration":1,"failureDetails":[],"failureMessages":[],"fullName":"trimZeros should handle numbers with only significant decimals","invocations":1,"location":null,"numPassingAsserts":4,"retryReasons":[],"status":"passed","title":"should handle numbers with only significant decimals"},{"ancestorTitles":["trimZeros"],"duration":0,"failureDetails":[],"failureMessages":[],"fullName":"trimZeros should handle multiple decimal points gracefully","invocations":1,"location":null,"numPassingAsserts":2,"retryReasons":[],"status":"passed","title":"should handle multiple decimal points gracefully"},{"ancestorTitles":["trimZeros"],"duration":0,"failureDetails":[],"failureMessages":[],"fullName":"trimZeros should handle very long decimal strings","invocations":1,"location":null,"numPassingAsserts":3,"retryReasons":[],"status":"passed","title":"should handle very long decimal strings"},{"ancestorTitles":["trimZeros"],"duration":1,"failureDetails":[],"failureMessages":[],"fullName":"trimZeros should handle non-string inputs","invocations":1,"location":null,"numPassingAsserts":3,"retryReasons":[],"status":"passed","title":"should handle non-string inputs"},{"ancestorTitles":["trimZeros"],"duration":1,"failureDetails":[],"failureMessages":[],"fullName":"trimZeros should handle decimal-only strings","invocations":1,"location":null,"numPassingAsserts":4,"retryReasons":[],"status":"passed","title":"should handle decimal-only strings"},{"ancestorTitles":["trimZeros"],"duration":0,"failureDetails":[],"failureMessages":[],"fullName":"trimZeros should handle negative numbers","invocations":1,"location":null,"numPassingAsserts":3,"retryReasons":[],"status":"passed","title":"should handle negative numbers"}],"endTime":1753157175223,"message":"","name":"/Users/durgaprasadcreddy/Desktop/Livaro/Livaro/utils/formatters.test.ts","startTime":1753157175136,"status":"passed","summary":""},{"assertionResults":[{"ancestorTitles":["formatPrice"],"duration":5,"failureDetails":[],"failureMessages":[],"fullName":"formatPrice should format numbers with commas as thousands separators","invocations":1,"location":null,"numPassingAsserts":4,"retryReasons":[],"status":"passed","title":"should format numbers with commas as thousands separators"},{"ancestorTitles":["formatPrice"],"duration":1,"failureDetails":[],"failureMessages":[],"fullName":"formatPrice should handle edge cases","invocations":1,"location":null,"numPassingAsserts":4,"retryReasons":[],"status":"passed","title":"should handle edge cases"},{"ancestorTitles":["formatPrice"],"duration":0,"failureDetails":[],"failureMessages":[],"fullName":"formatPrice should handle negative numbers","invocations":1,"location":null,"numPassingAsserts":2,"retryReasons":[],"status":"passed","title":"should handle negative numbers"},{"ancestorTitles":["formatPrice"],"duration":0,"failureDetails":[],"failureMessages":[],"fullName":"formatPrice should handle decimal numbers by rounding","invocations":1,"location":null,"numPassingAsserts":3,"retryReasons":[],"status":"passed","title":"should handle decimal numbers by rounding"},{"ancestorTitles":["formatPrice"],"duration":0,"failureDetails":[],"failureMessages":[],"fullName":"formatPrice should handle very large numbers","invocations":1,"location":null,"numPassingAsserts":2,"retryReasons":[],"status":"passed","title":"should handle very large numbers"},{"ancestorTitles":["formatPrice"],"duration":0,"failureDetails":[],"failureMessages":[],"fullName":"formatPrice should handle very small numbers","invocations":1,"location":null,"numPassingAsserts":2,"retryReasons":[],"status":"passed","title":"should handle very small numbers"},{"ancestorTitles":["formatLargeNumber"],"duration":0,"failureDetails":[],"failureMessages":[],"fullName":"formatLargeNumber should format millions correctly","invocations":1,"location":null,"numPassingAsserts":4,"retryReasons":[],"status":"passed","title":"should format millions correctly"},{"ancestorTitles":["formatLargeNumber"],"duration":0,"failureDetails":[],"failureMessages":[],"fullName":"formatLargeNumber should format thousands correctly","invocations":1,"location":null,"numPassingAsserts":4,"retryReasons":[],"status":"passed","title":"should format thousands correctly"},{"ancestorTitles":["formatLargeNumber"],"duration":1,"failureDetails":[],"failureMessages":[],"fullName":"formatLargeNumber should format small numbers without suffix","invocations":1,"location":null,"numPassingAsserts":4,"retryReasons":[],"status":"passed","title":"should format small numbers without suffix"},{"ancestorTitles":["formatLargeNumber"],"duration":0,"failureDetails":[],"failureMessages":[],"fullName":"formatLargeNumber should handle edge cases","invocations":1,"location":null,"numPassingAsserts":4,"retryReasons":[],"status":"passed","title":"should handle edge cases"},{"ancestorTitles":["formatLargeNumber"],"duration":0,"failureDetails":[],"failureMessages":[],"fullName":"formatLargeNumber should handle negative numbers","invocations":1,"location":null,"numPassingAsserts":3,"retryReasons":[],"status":"passed","title":"should handle negative numbers"},{"ancestorTitles":["formatLargeNumber"],"duration":0,"failureDetails":[],"failureMessages":[],"fullName":"formatLargeNumber should handle billions and higher","invocations":1,"location":null,"numPassingAsserts":2,"retryReasons":[],"status":"passed","title":"should handle billions and higher"},{"ancestorTitles":["formatLargeNumber"],"duration":0,"failureDetails":[],"failureMessages":[],"fullName":"formatLargeNumber should handle decimal inputs","invocations":1,"location":null,"numPassingAsserts":2,"retryReasons":[],"status":"passed","title":"should handle decimal inputs"},{"ancestorTitles":["formatPriceRange"],"duration":0,"failureDetails":[],"failureMessages":[],"fullName":"formatPriceRange should format both min and max prices","invocations":1,"location":null,"numPassingAsserts":3,"retryReasons":[],"status":"passed","title":"should format both min and max prices"},{"ancestorTitles":["formatPriceRange"],"duration":0,"failureDetails":[],"failureMessages":[],"fullName":"formatPriceRange should format min price only","invocations":1,"location":null,"numPassingAsserts":3,"retryReasons":[],"status":"passed","title":"should format min price only"},{"ancestorTitles":["formatPriceRange"],"duration":0,"failureDetails":[],"failureMessages":[],"fullName":"formatPriceRange should format max price only","invocations":1,"location":null,"numPassingAsserts":2,"retryReasons":[],"status":"passed","title":"should format max price only"},{"ancestorTitles":["formatPriceRange"],"duration":1,"failureDetails":[],"failureMessages":[],"fullName":"formatPriceRange should handle no valid prices","invocations":1,"location":null,"numPassingAsserts":5,"retryReasons":[],"status":"passed","title":"should handle no valid prices"},{"ancestorTitles":["formatPriceRange"],"duration":0,"failureDetails":[],"failureMessages":[],"fullName":"formatPriceRange should handle zero values correctly","invocations":1,"location":null,"numPassingAsserts":2,"retryReasons":[],"status":"passed","title":"should handle zero values correctly"},{"ancestorTitles":["formatPriceRange"],"duration":0,"failureDetails":[],"failureMessages":[],"fullName":"formatPriceRange should handle same min and max values","invocations":1,"location":null,"numPassingAsserts":1,"retryReasons":[],"status":"passed","title":"should handle same min and max values"},{"ancestorTitles":["formatPriceRange"],"duration":0,"failureDetails":[],"failureMessages":[],"fullName":"formatPriceRange should handle reversed min/max (max < min)","invocations":1,"location":null,"numPassingAsserts":1,"retryReasons":[],"status":"passed","title":"should handle reversed min/max (max < min)"},{"ancestorTitles":["formatPriceRange"],"duration":0,"failureDetails":[],"failureMessages":[],"fullName":"formatPriceRange should handle very large numbers","invocations":1,"location":null,"numPassingAsserts":1,"retryReasons":[],"status":"passed","title":"should handle very large numbers"},{"ancestorTitles":["formatBedroomsAndBathrooms"],"duration":0,"failureDetails":[],"failureMessages":[],"fullName":"formatBedroomsAndBathrooms should format bedrooms and bathrooms correctly","invocations":1,"location":null,"numPassingAsserts":4,"retryReasons":[],"status":"passed","title":"should format bedrooms and bathrooms correctly"},{"ancestorTitles":["formatBedroomsAndBathrooms"],"duration":0,"failureDetails":[],"failureMessages":[],"fullName":"formatBedroomsAndBathrooms should handle undefined values","invocations":1,"location":null,"numPassingAsserts":3,"retryReasons":[],"status":"passed","title":"should handle undefined values"},{"ancestorTitles":["formatBedroomsAndBathrooms"],"duration":0,"failureDetails":[],"failureMessages":[],"fullName":"formatBedroomsAndBathrooms should handle partial values","invocations":1,"location":null,"numPassingAsserts":4,"retryReasons":[],"status":"passed","title":"should handle partial values"},{"ancestorTitles":["formatBedroomsAndBathrooms"],"duration":0,"failureDetails":[],"failureMessages":[],"fullName":"formatBedroomsAndBathrooms should handle studio apartments (0 bedrooms)","invocations":1,"location":null,"numPassingAsserts":2,"retryReasons":[],"status":"passed","title":"should handle studio apartments (0 bedrooms)"},{"ancestorTitles":["formatBedroomsAndBathrooms"],"duration":0,"failureDetails":[],"failureMessages":[],"fullName":"formatBedroomsAndBathrooms should handle large numbers","invocations":1,"location":null,"numPassingAsserts":2,"retryReasons":[],"status":"passed","title":"should handle large numbers"},{"ancestorTitles":["formatBedroomsAndBathrooms"],"duration":0,"failureDetails":[],"failureMessages":[],"fullName":"formatBedroomsAndBathrooms should handle decimal inputs by truncating","invocations":1,"location":null,"numPassingAsserts":2,"retryReasons":[],"status":"passed","title":"should handle decimal inputs by truncating"},{"ancestorTitles":["capitalizeFirstLetter"],"duration":1,"failureDetails":[],"failureMessages":[],"fullName":"capitalizeFirstLetter should capitalize the first letter","invocations":1,"location":null,"numPassingAsserts":4,"retryReasons":[],"status":"passed","title":"should capitalize the first letter"},{"ancestorTitles":["capitalizeFirstLetter"],"duration":0,"failureDetails":[],"failureMessages":[],"fullName":"capitalizeFirstLetter should handle edge cases","invocations":1,"location":null,"numPassingAsserts":4,"retryReasons":[],"status":"passed","title":"should handle edge cases"},{"ancestorTitles":["capitalizeFirstLetter"],"duration":0,"failureDetails":[],"failureMessages":[],"fullName":"capitalizeFirstLetter should handle special characters","invocations":1,"location":null,"numPassingAsserts":4,"retryReasons":[],"status":"passed","title":"should handle special characters"},{"ancestorTitles":["capitalizeFirstLetter"],"duration":0,"failureDetails":[],"failureMessages":[],"fullName":"capitalizeFirstLetter should handle non-string inputs gracefully","invocations":1,"location":null,"numPassingAsserts":3,"retryReasons":[],"status":"passed","title":"should handle non-string inputs gracefully"},{"ancestorTitles":["capitalizeFirstLetter"],"duration":0,"failureDetails":[],"failureMessages":[],"fullName":"capitalizeFirstLetter should handle unicode characters","invocations":1,"location":null,"numPassingAsserts":2,"retryReasons":[],"status":"passed","title":"should handle unicode characters"},{"ancestorTitles":["capitalizeFirstLetter"],"duration":0,"failureDetails":[],"failureMessages":[],"fullName":"capitalizeFirstLetter should preserve whitespace and special formatting","invocations":1,"location":null,"numPassingAsserts":3,"retryReasons":[],"status":"passed","title":"should preserve whitespace and special formatting"},{"ancestorTitles":["trimZeros"],"duration":3,"failureDetails":[],"failureMessages":[],"fullName":"trimZeros should remove trailing zeros after decimal","invocations":1,"location":null,"numPassingAsserts":5,"retryReasons":[],"status":"passed","title":"should remove trailing zeros after decimal"},{"ancestorTitles":["trimZeros"],"duration":0,"failureDetails":[],"failureMessages":[],"fullName":"trimZeros should handle numbers without decimals","invocations":1,"location":null,"numPassingAsserts":4,"retryReasons":[],"status":"passed","title":"should handle numbers without decimals"},{"ancestorTitles":["trimZeros"],"duration":1,"failureDetails":[],"failureMessages":[],"fullName":"trimZeros should handle edge cases","invocations":1,"location":null,"numPassingAsserts":4,"retryReasons":[],"status":"passed","title":"should handle edge cases"},{"ancestorTitles":["trimZeros"],"duration":0,"failureDetails":[],"failureMessages":[],"fullName":"trimZeros should handle numbers with only significant decimals","invocations":1,"location":null,"numPassingAsserts":4,"retryReasons":[],"status":"passed","title":"should handle numbers with only significant decimals"},{"ancestorTitles":["trimZeros"],"duration":0,"failureDetails":[],"failureMessages":[],"fullName":"trimZeros should handle multiple decimal points gracefully","invocations":1,"location":null,"numPassingAsserts":2,"retryReasons":[],"status":"passed","title":"should handle multiple decimal points gracefully"},{"ancestorTitles":["trimZeros"],"duration":0,"failureDetails":[],"failureMessages":[],"fullName":"trimZeros should handle very long decimal strings","invocations":1,"location":null,"numPassingAsserts":3,"retryReasons":[],"status":"passed","title":"should handle very long decimal strings"},{"ancestorTitles":["trimZeros"],"duration":0,"failureDetails":[],"failureMessages":[],"fullName":"trimZeros should handle non-string inputs","invocations":1,"location":null,"numPassingAsserts":3,"retryReasons":[],"status":"passed","title":"should handle non-string inputs"},{"ancestorTitles":["trimZeros"],"duration":0,"failureDetails":[],"failureMessages":[],"fullName":"trimZeros should handle decimal-only strings","invocations":1,"location":null,"numPassingAsserts":4,"retryReasons":[],"status":"passed","title":"should handle decimal-only strings"},{"ancestorTitles":["trimZeros"],"duration":0,"failureDetails":[],"failureMessages":[],"fullName":"trimZeros should handle negative numbers","invocations":1,"location":null,"numPassingAsserts":3,"retryReasons":[],"status":"passed","title":"should handle negative numbers"}],"endTime":1753157175231,"message":"","name":"/Users/durgaprasadcreddy/Desktop/Livaro/utils/formatters.test.ts","startTime":1753157175161,"status":"passed","summary":""},{"assertionResults":[{"ancestorTitles":["Badge"],"duration":14,"failureDetails":[],"failureMessages":[],"fullName":"Badge renders with default variant","invocations":1,"location":null,"numPassingAsserts":2,"retryReasons":[],"status":"passed","title":"renders with default variant"},{"ancestorTitles":["Badge"],"duration":2,"failureDetails":[],"failureMessages":[],"fullName":"Badge renders with secondary variant","invocations":1,"location":null,"numPassingAsserts":2,"retryReasons":[],"status":"passed","title":"renders with secondary variant"},{"ancestorTitles":["Badge"],"duration":1,"failureDetails":[],"failureMessages":[],"fullName":"Badge renders with destructive variant","invocations":1,"location":null,"numPassingAsserts":2,"retryReasons":[],"status":"passed","title":"renders with destructive variant"},{"ancestorTitles":["Badge"],"duration":1,"failureDetails":[],"failureMessages":[],"fullName":"Badge renders with outline variant","invocations":1,"location":null,"numPassingAsserts":2,"retryReasons":[],"status":"passed","title":"renders with outline variant"},{"ancestorTitles":["Badge"],"duration":2,"failureDetails":[],"failureMessages":[],"fullName":"Badge applies custom className","invocations":1,"location":null,"numPassingAsserts":1,"retryReasons":[],"status":"passed","title":"applies custom className"},{"ancestorTitles":["Badge"],"duration":3,"failureDetails":[],"failureMessages":[],"fullName":"Badge passes through other HTML attributes","invocations":1,"location":null,"numPassingAsserts":1,"retryReasons":[],"status":"passed","title":"passes through other HTML attributes"},{"ancestorTitles":["Badge"],"duration":1,"failureDetails":[],"failureMessages":[],"fullName":"Badge has correct base styles","invocations":1,"location":null,"numPassingAsserts":1,"retryReasons":[],"status":"passed","title":"has correct base styles"},{"ancestorTitles":["Badge"],"duration":2,"failureDetails":[],"failureMessages":[],"fullName":"Badge renders different content types","invocations":1,"location":null,"numPassingAsserts":3,"retryReasons":[],"status":"passed","title":"renders different content types"}],"endTime":1753157175234,"message":"","name":"/Users/durgaprasadcreddy/Desktop/Livaro/Livaro/src/components/ui/badge.test.tsx","startTime":1753157174961,"status":"passed","summary":""}],"wasInterrupted":false}
